This is pdfTeX, Version 3.14159265-2.6-1.40.17 (TeX Live 2016) (preloaded format=pdflatex 2017.3.1)  15 APR 2017 11:20
entering extended mode
 restricted \write18 enabled.
 file:line:error style messages enabled.
 %&-line parsing enabled.
**manual.tex
(./manual.tex
LaTeX2e <2016/03/31>
Babel <3.9r> and hyphenation patterns for 83 language(s) loaded.
(/usr/local/texlive/2016/texmf-dist/tex/latex/base/article.cls
Document Class: article 2014/09/29 v1.4h Standard LaTeX document class
(/usr/local/texlive/2016/texmf-dist/tex/latex/base/size10.clo
File: size10.clo 2014/09/29 v1.4h Standard LaTeX file (size option)
)
\c@part=\count79
\c@section=\count80
\c@subsection=\count81
\c@subsubsection=\count82
\c@paragraph=\count83
\c@subparagraph=\count84
\c@figure=\count85
\c@table=\count86
\abovecaptionskip=\skip41
\belowcaptionskip=\skip42
\bibindent=\dimen102
)
(/usr/local/texlive/2016/texmf-dist/tex/latex/graphics/graphicx.sty
Package: graphicx 2014/10/28 v1.0g Enhanced LaTeX Graphics (DPC,SPQR)

(/usr/local/texlive/2016/texmf-dist/tex/latex/graphics/keyval.sty
Package: keyval 2014/10/28 v1.15 key=value parser (DPC)
\KV@toks@=\toks14
)
(/usr/local/texlive/2016/texmf-dist/tex/latex/graphics/graphics.sty
Package: graphics 2016/05/09 v1.0r Standard LaTeX Graphics (DPC,SPQR)

(/usr/local/texlive/2016/texmf-dist/tex/latex/graphics/trig.sty
Package: trig 2016/01/03 v1.10 sin cos tan (DPC)
)
(/usr/local/texlive/2016/texmf-dist/tex/latex/graphics-cfg/graphics.cfg
File: graphics.cfg 2016/01/02 v1.10 sample graphics configuration
)
Package graphics Info: Driver file: pdftex.def on input line 96.

(/usr/local/texlive/2016/texmf-dist/tex/latex/pdftex-def/pdftex.def
File: pdftex.def 2011/05/27 v0.06d Graphics/color for pdfTeX

(/usr/local/texlive/2016/texmf-dist/tex/generic/oberdiek/infwarerr.sty
Package: infwarerr 2016/05/16 v1.4 Providing info/warning/error messages (HO)
)
(/usr/local/texlive/2016/texmf-dist/tex/generic/oberdiek/ltxcmds.sty
Package: ltxcmds 2016/05/16 v1.23 LaTeX kernel commands for general use (HO)
)
\Gread@gobject=\count87
))
\Gin@req@height=\dimen103
\Gin@req@width=\dimen104
)
(/usr/local/texlive/2016/texmf-dist/tex/latex/xcolor/xcolor.sty
Package: xcolor 2016/05/11 v2.12 LaTeX color extensions (UK)

(/usr/local/texlive/2016/texmf-dist/tex/latex/graphics-cfg/color.cfg
File: color.cfg 2016/01/02 v1.6 sample color configuration
)
Package xcolor Info: Driver file: pdftex.def on input line 225.
Package xcolor Info: Model `cmy' substituted by `cmy0' on input line 1348.
Package xcolor Info: Model `hsb' substituted by `rgb' on input line 1352.
Package xcolor Info: Model `RGB' extended on input line 1364.
Package xcolor Info: Model `HTML' substituted by `rgb' on input line 1366.
Package xcolor Info: Model `Hsb' substituted by `hsb' on input line 1367.
Package xcolor Info: Model `tHsb' substituted by `hsb' on input line 1368.
Package xcolor Info: Model `HSB' substituted by `hsb' on input line 1369.
Package xcolor Info: Model `Gray' substituted by `gray' on input line 1370.
Package xcolor Info: Model `wave' substituted by `hsb' on input line 1371.
)
(/usr/local/texlive/2016/texmf-dist/tex/latex/fancyvrb/fancyvrb.sty
Package: fancyvrb 2008/02/07

Style option: `fancyvrb' v2.7a, with DG/SPQR fixes, and firstline=lastline fix 
<2008/02/07> (tvz)
\FV@CodeLineNo=\count88
\FV@InFile=\read1
\FV@TabBox=\box26
\c@FancyVerbLine=\count89
\FV@StepNumber=\count90
\FV@OutFile=\write3
)
(/usr/local/texlive/2016/texmf-dist/tex/latex/hyperref/hyperref.sty
Package: hyperref 2016/05/05 v6.83n Hypertext links for LaTeX

(/usr/local/texlive/2016/texmf-dist/tex/generic/oberdiek/hobsub-hyperref.sty
Package: hobsub-hyperref 2016/05/16 v1.14 Bundle oberdiek, subset hyperref (HO)


(/usr/local/texlive/2016/texmf-dist/tex/generic/oberdiek/hobsub-generic.sty
Package: hobsub-generic 2016/05/16 v1.14 Bundle oberdiek, subset generic (HO)
Package: hobsub 2016/05/16 v1.14 Construct package bundles (HO)
Package hobsub Info: Skipping package `infwarerr' (already loaded).
Package hobsub Info: Skipping package `ltxcmds' (already loaded).
Package: ifluatex 2016/05/16 v1.4 Provides the ifluatex switch (HO)
Package ifluatex Info: LuaTeX not detected.
Package: ifvtex 2016/05/16 v1.6 Detect VTeX and its facilities (HO)
Package ifvtex Info: VTeX not detected.
Package: intcalc 2016/05/16 v1.2 Expandable calculations with integers (HO)
Package: ifpdf 2016/05/14 v3.1 Provides the ifpdf switch
Package: etexcmds 2016/05/16 v1.6 Avoid name clashes with e-TeX commands (HO)
Package etexcmds Info: Could not find \expanded.
(etexcmds)             That can mean that you are not using pdfTeX 1.50 or
(etexcmds)             that some package has redefined \expanded.
(etexcmds)             In the latter case, load this package earlier.
Package: kvsetkeys 2016/05/16 v1.17 Key value parser (HO)
Package: kvdefinekeys 2016/05/16 v1.4 Define keys (HO)
Package: pdftexcmds 2016/05/10 v0.21 Utility functions of pdfTeX for LuaTeX (HO
)
Package pdftexcmds Info: LuaTeX not detected.
Package pdftexcmds Info: \pdf@primitive is available.
Package pdftexcmds Info: \pdf@ifprimitive is available.
Package pdftexcmds Info: \pdfdraftmode found.
Package: pdfescape 2016/05/16 v1.14 Implements pdfTeX's escape features (HO)
Package: bigintcalc 2016/05/16 v1.4 Expandable calculations on big integers (HO
)
Package: bitset 2016/05/16 v1.2 Handle bit-vector datatype (HO)
Package: uniquecounter 2016/05/16 v1.3 Provide unlimited unique counter (HO)
)
Package hobsub Info: Skipping package `hobsub' (already loaded).
Package: letltxmacro 2016/05/16 v1.5 Let assignment for LaTeX macros (HO)
Package: hopatch 2016/05/16 v1.3 Wrapper for package hooks (HO)
Package: xcolor-patch 2016/05/16 xcolor patch
Package: atveryend 2016/05/16 v1.9 Hooks at the very end of document (HO)
Package atveryend Info: \enddocument detected (standard20110627).
Package: atbegshi 2016/05/16 v1.17 At begin shipout hook (HO)
Package: refcount 2016/05/16 v3.5 Data extraction from label references (HO)
Package: hycolor 2016/05/16 v1.8 Color options for hyperref/bookmark (HO)
)
(/usr/local/texlive/2016/texmf-dist/tex/generic/ifxetex/ifxetex.sty
Package: ifxetex 2010/09/12 v0.6 Provides ifxetex conditional
)
(/usr/local/texlive/2016/texmf-dist/tex/latex/oberdiek/auxhook.sty
Package: auxhook 2016/05/16 v1.4 Hooks for auxiliary files (HO)
)
(/usr/local/texlive/2016/texmf-dist/tex/latex/oberdiek/kvoptions.sty
Package: kvoptions 2016/05/16 v3.12 Key value format for package options (HO)
)
\@linkdim=\dimen105
\Hy@linkcounter=\count91
\Hy@pagecounter=\count92

(/usr/local/texlive/2016/texmf-dist/tex/latex/hyperref/pd1enc.def
File: pd1enc.def 2016/05/05 v6.83n Hyperref: PDFDocEncoding definition (HO)
)
\Hy@SavedSpaceFactor=\count93

(/usr/local/texlive/2016/texmf-dist/tex/latex/latexconfig/hyperref.cfg
File: hyperref.cfg 2002/06/06 v1.2 hyperref configuration of TeXLive
)
Package hyperref Info: Option `colorlinks' set `true' on input line 4322.
Package hyperref Info: Hyper figures OFF on input line 4446.
Package hyperref Info: Link nesting OFF on input line 4451.
Package hyperref Info: Hyper index ON on input line 4454.
Package hyperref Info: Plain pages OFF on input line 4461.
Package hyperref Info: Backreferencing OFF on input line 4466.
Package hyperref Info: Implicit mode ON; LaTeX internals redefined.
Package hyperref Info: Bookmarks ON on input line 4691.
\c@Hy@tempcnt=\count94

(/usr/local/texlive/2016/texmf-dist/tex/latex/url/url.sty
\Urlmuskip=\muskip10
Package: url 2013/09/16  ver 3.4  Verb mode for urls, etc.
)
LaTeX Info: Redefining \url on input line 5044.
\XeTeXLinkMargin=\dimen106
\Fld@menulength=\count95
\Field@Width=\dimen107
\Fld@charsize=\dimen108
Package hyperref Info: Hyper figures OFF on input line 6298.
Package hyperref Info: Link nesting OFF on input line 6303.
Package hyperref Info: Hyper index ON on input line 6306.
Package hyperref Info: backreferencing OFF on input line 6313.
Package hyperref Info: Link coloring ON on input line 6316.
Package hyperref Info: Link coloring with OCG OFF on input line 6323.
Package hyperref Info: PDF/A mode OFF on input line 6328.
LaTeX Info: Redefining \ref on input line 6368.
LaTeX Info: Redefining \pageref on input line 6372.
\Hy@abspage=\count96
\c@Item=\count97
\c@Hfootnote=\count98
)

Package hyperref Message: Driver (autodetected): hpdftex.

(/usr/local/texlive/2016/texmf-dist/tex/latex/hyperref/hpdftex.def
File: hpdftex.def 2016/05/05 v6.83n Hyperref driver for pdfTeX
\Fld@listcount=\count99
\c@bookmark@seq@number=\count100

(/usr/local/texlive/2016/texmf-dist/tex/latex/oberdiek/rerunfilecheck.sty
Package: rerunfilecheck 2016/05/16 v1.8 Rerun checks for auxiliary files (HO)
Package uniquecounter Info: New unique counter `rerunfilecheck' on input line 2
82.
)
\Hy@SectionHShift=\skip43
)
(/usr/local/texlive/2016/texmf-dist/tex/latex/sidenotes/sidenotes.sty
(/usr/local/texlive/2016/texmf-dist/tex/latex/l3packages/l3keys2e/l3keys2e.sty
(/usr/local/texlive/2016/texmf-dist/tex/latex/l3kernel/expl3.sty
Package: expl3 2016/05/18 v6512 L3 programming layer (loader) 

(/usr/local/texlive/2016/texmf-dist/tex/latex/l3kernel/expl3-code.tex
Package: expl3 2016/05/18 v6512 L3 programming layer (code)
L3 Module: l3bootstrap 2016/02/12 v6412 L3 Bootstrap code
L3 Module: l3names 2016/03/11 v6433 L3 Namespace for primitives
L3 Module: l3basics 2015/11/22 v6315 L3 Basic definitions
L3 Module: l3expan 2015/09/10 v5983 L3 Argument expansion
L3 Module: l3tl 2016/03/26 v6465 L3 Token lists
L3 Module: l3str 2016/03/24 v6441 L3 Strings
L3 Module: l3seq 2015/08/05 v5777 L3 Sequences and stacks
L3 Module: l3int 2016/03/24 v6441 L3 Integers
\c_max_int=\count101
\l_tmpa_int=\count102
\l_tmpb_int=\count103
\g_tmpa_int=\count104
\g_tmpb_int=\count105
L3 Module: l3quark 2015/08/17 v5855 L3 Quarks
L3 Module: l3prg 2015/11/01 v6216 L3 Control structures
\g__prg_map_int=\count106
L3 Module: l3clist 2015/09/02 v5901 L3 Comma separated lists
L3 Module: l3token 2016/04/03 v6470 L3 Experimental token manipulation
L3 Module: l3prop 2016/01/05 v6366 L3 Property lists
L3 Module: l3msg 2016/03/26 v6464 L3 Messages
L3 Module: l3file 2016/03/25 v6458 L3 File and I/O operations
\l_iow_line_count_int=\count107
\l__iow_target_count_int=\count108
\l__iow_current_line_int=\count109
\l__iow_current_word_int=\count110
\l__iow_current_indentation_int=\count111
L3 Module: l3skip 2016/01/05 v6366 L3 Dimensions and skips
\c_zero_dim=\dimen109
\c_max_dim=\dimen110
\l_tmpa_dim=\dimen111
\l_tmpb_dim=\dimen112
\g_tmpa_dim=\dimen113
\g_tmpb_dim=\dimen114
\c_zero_skip=\skip44
\c_max_skip=\skip45
\l_tmpa_skip=\skip46
\l_tmpb_skip=\skip47
\g_tmpa_skip=\skip48
\g_tmpb_skip=\skip49
\c_zero_muskip=\muskip11
\c_max_muskip=\muskip12
\l_tmpa_muskip=\muskip13
\l_tmpb_muskip=\muskip14
\g_tmpa_muskip=\muskip15
\g_tmpb_muskip=\muskip16
L3 Module: l3keys 2015/11/17 v6284 L3 Key-value interfaces
\g__keyval_level_int=\count112
\l_keys_choice_int=\count113
L3 Module: l3fp 2016/03/26 v6465 L3 Floating points
\c__fp_leading_shift_int=\count114
\c__fp_middle_shift_int=\count115
\c__fp_trailing_shift_int=\count116
\c__fp_big_leading_shift_int=\count117
\c__fp_big_middle_shift_int=\count118
\c__fp_big_trailing_shift_int=\count119
\c__fp_Bigg_leading_shift_int=\count120
\c__fp_Bigg_middle_shift_int=\count121
\c__fp_Bigg_trailing_shift_int=\count122
L3 Module: l3box 2015/08/09 v5822 L3 Experimental boxes
\c_empty_box=\box27
\l_tmpa_box=\box28
\l_tmpb_box=\box29
\g_tmpa_box=\box30
\g_tmpb_box=\box31
L3 Module: l3coffins 2016/05/17 v6508 L3 Coffin code layer
\l__coffin_internal_box=\box32
\l__coffin_internal_dim=\dimen115
\l__coffin_offset_x_dim=\dimen116
\l__coffin_offset_y_dim=\dimen117
\l__coffin_x_dim=\dimen118
\l__coffin_y_dim=\dimen119
\l__coffin_x_prime_dim=\dimen120
\l__coffin_y_prime_dim=\dimen121
\c_empty_coffin=\box33
\l__coffin_aligned_coffin=\box34
\l__coffin_aligned_internal_coffin=\box35
\l_tmpa_coffin=\box36
\l_tmpb_coffin=\box37
\l__coffin_display_coffin=\box38
\l__coffin_display_coord_coffin=\box39
\l__coffin_display_pole_coffin=\box40
\l__coffin_display_offset_dim=\dimen122
\l__coffin_display_x_dim=\dimen123
\l__coffin_display_y_dim=\dimen124
L3 Module: l3color 2014/08/23 v5354 L3 Experimental color support
L3 Module: l3sys 2015/09/25 v6087 L3 Experimental system/runtime functions
L3 Module: l3candidates 2016/05/13 v6484 L3 Experimental additions to l3kernel
\l__box_top_dim=\dimen125
\l__box_bottom_dim=\dimen126
\l__box_left_dim=\dimen127
\l__box_right_dim=\dimen128
\l__box_top_new_dim=\dimen129
\l__box_bottom_new_dim=\dimen130
\l__box_left_new_dim=\dimen131
\l__box_right_new_dim=\dimen132
\l__box_internal_box=\box41
\l__coffin_bounding_shift_dim=\dimen133
\l__coffin_left_corner_dim=\dimen134
\l__coffin_right_corner_dim=\dimen135
\l__coffin_bottom_corner_dim=\dimen136
\l__coffin_top_corner_dim=\dimen137
\l__coffin_scaled_total_height_dim=\dimen138
\l__coffin_scaled_width_dim=\dimen139
L3 Module: l3luatex 2016/03/26 v6465 L3 Experimental LuaTeX-specific functions
)
(/usr/local/texlive/2016/texmf-dist/tex/latex/l3kernel/l3pdfmode.def
File: l3pdfmode.def 2016/03/26 v6465 L3 Experimental driver: PDF mode
\l__driver_color_stack_int=\count123
\l__driver_tmp_box=\box42
))
Package: l3keys2e 2016/05/18 v6512 LaTeX2e option processing using LaTeX3 keys
)
Package: sidenotes 2016/04/21 v1.00 rich text in the margin for LaTeX

(/usr/local/texlive/2016/texmf-dist/tex/latex/marginnote/marginnote.sty
Package: marginnote 2012/03/29 v1.1i non floating margin notes for LaTeX
\c@mn@abspage=\count124
)
(/usr/local/texlive/2016/texmf-dist/tex/latex/caption/caption.sty
Package: caption 2016/02/21 v3.3-144 Customizing captions (AR)

(/usr/local/texlive/2016/texmf-dist/tex/latex/caption/caption3.sty
Package: caption3 2016/02/04 v1.7-139 caption3 kernel (AR)
Package caption3 Info: TeX engine: e-TeX on input line 67.
\captionmargin=\dimen140
\captionmargin@=\dimen141
\captionwidth=\dimen142
\caption@tempdima=\dimen143
\caption@indent=\dimen144
\caption@parindent=\dimen145
\caption@hangindent=\dimen146
)
\c@ContinuedFloat=\count125
Package caption Info: hyperref package is loaded.
)
(/usr/local/texlive/2016/texmf-dist/tex/latex/l3packages/xparse/xparse.sty
Package: xparse 2016/05/18 v6512 L3 Experimental document command parser
\l__xparse_current_arg_int=\count126
\l__xparse_m_args_int=\count127
\l__xparse_mandatory_args_int=\count128
\l__xparse_processor_int=\count129
\l__xparse_v_nesting_int=\count130
)
(/usr/local/texlive/2016/texmf-dist/tex/latex/changepage/changepage.sty
Package: changepage 2009/10/20 v1.0c check page and change page layout
\c@cp@cntr=\count131
\cp@tempcnt=\count132
)
\c@sidenote=\count133
.................................................
. LaTeX info: "xparse/define-command"
. 
. Defining command \IfNoValueOrEmptyTF with sig. 'mmm' on line 34.
.................................................
.................................................
. LaTeX info: "xparse/define-command"
. 
. Defining command \@sidenotes@thesidenotemark with sig. 'm' on line 47.
.................................................
.................................................
. LaTeX info: "xparse/define-command"
. 
. Defining command \@sidenotes@multisign with sig. '' on line 48.
.................................................
.................................................
. LaTeX info: "xparse/define-command"
. 
. Defining command \@sidenotes@multimarker with sig. '' on line 53.
.................................................
.................................................
. LaTeX info: "xparse/define-command"
. 
. Defining command \@sidenotes@multichecker with sig. '' on line 59.
.................................................
.................................................
. LaTeX info: "xparse/define-command"
. 
. Defining command \@sidenotes@placemarginal with sig. 'mm' on line 65.
.................................................
.................................................
. LaTeX info: "xparse/define-command"
. 
. Defining command \sidenote with sig. 'oo+m' on line 71.
.................................................
.................................................
. LaTeX info: "xparse/define-command"
. 
. Defining command \sidenotemark with sig. 'o' on line 79.
.................................................
.................................................
. LaTeX info: "xparse/define-command"
. 
. Defining command \sidenotetext with sig. 'oo+m' on line 88.
.................................................
.................................................
. LaTeX info: "xparse/define-command"
. 
. Defining command \sidecaption with sig. 'soom' on line 107.
.................................................
\@sidenotes@marginfigurebox=\box43
.................................................
. LaTeX info: "xparse/define-environment"
. 
. Defining environment 'marginfigure' with sig. 'o' on line 120.
.................................................
\@sidenotes@margintablebox=\box44
.................................................
. LaTeX info: "xparse/define-environment"
. 
. Defining environment 'margintable' with sig. 'o' on line 133.
.................................................
.................................................
. LaTeX info: "xparse/define-environment"
. 
. Defining environment 'autoadjustwidth' with sig. 'mm' on line 156.
.................................................
.................................................
. LaTeX info: "xparse/redefine-environment"
. 
. Redefining environment 'figure*' with sig. 'O{htbp}' on line 167.
.................................................
.................................................
. LaTeX info: "xparse/redefine-environment"
. 
. Redefining environment 'table*' with sig. 'O{htbp}' on line 178.
.................................................
)
(/usr/local/texlive/2016/texmf-dist/tex/latex/glossaries/base/glossaries.sty
Package: glossaries 2016/04/30 v4.23 (NLCT)

(/usr/local/texlive/2016/texmf-dist/tex/latex/base/ifthen.sty
Package: ifthen 2014/09/29 v1.1c Standard LaTeX ifthen package (DPC)
)
(/usr/local/texlive/2016/texmf-dist/tex/latex/xkeyval/xkeyval.sty
Package: xkeyval 2014/12/03 v2.7a package option processing (HA)

(/usr/local/texlive/2016/texmf-dist/tex/generic/xkeyval/xkeyval.tex
(/usr/local/texlive/2016/texmf-dist/tex/generic/xkeyval/xkvutils.tex
\XKV@toks=\toks15
\XKV@tempa@toks=\toks16
)
\XKV@depth=\count134
File: xkeyval.tex 2014/12/03 v2.7a key=value parser (HA)
))
(/usr/local/texlive/2016/texmf-dist/tex/latex/mfirstuc/mfirstuc.sty
Package: mfirstuc 2015/12/17 v2.02 (NLCT)

(/usr/local/texlive/2016/texmf-dist/tex/latex/etoolbox/etoolbox.sty
Package: etoolbox 2015/08/02 v2.2a e-TeX tools for LaTeX (JAW)
\etb@tempcnta=\count135
)
\@glsmfirst=\toks17
\@glsmrest=\toks18
)
(/usr/local/texlive/2016/texmf-dist/tex/latex/textcase/textcase.sty
Package: textcase 2004/10/07 v0.07 Text only upper/lower case changing (DPC)
)
(/usr/local/texlive/2016/texmf-dist/tex/latex/xfor/xfor.sty
Package: xfor 2009/02/05 v1.05 (NLCT)
)
(/usr/local/texlive/2016/texmf-dist/tex/latex/datatool/datatool-base.sty
Package: datatool-base 2016/01/18 v2.25 (NLCT)

(/usr/local/texlive/2016/texmf-dist/tex/latex/amsmath/amsmath.sty
Package: amsmath 2016/03/10 v2.15b AMS math features
\@mathmargin=\skip50

For additional information on amsmath, use the `?' option.
(/usr/local/texlive/2016/texmf-dist/tex/latex/amsmath/amstext.sty
Package: amstext 2000/06/29 v2.01 AMS text

(/usr/local/texlive/2016/texmf-dist/tex/latex/amsmath/amsgen.sty
File: amsgen.sty 1999/11/30 v2.0 generic functions
\@emptytoks=\toks19
\ex@=\dimen147
))
(/usr/local/texlive/2016/texmf-dist/tex/latex/amsmath/amsbsy.sty
Package: amsbsy 1999/11/29 v1.2d Bold Symbols
\pmbraise@=\dimen148
)
(/usr/local/texlive/2016/texmf-dist/tex/latex/amsmath/amsopn.sty
Package: amsopn 2016/03/08 v2.02 operator names
)
\inf@bad=\count136
LaTeX Info: Redefining \frac on input line 199.
\uproot@=\count137
\leftroot@=\count138
LaTeX Info: Redefining \overline on input line 297.
\classnum@=\count139
\DOTSCASE@=\count140
LaTeX Info: Redefining \ldots on input line 394.
LaTeX Info: Redefining \dots on input line 397.
LaTeX Info: Redefining \cdots on input line 518.
\Mathstrutbox@=\box45
\strutbox@=\box46
\big@size=\dimen149
LaTeX Font Info:    Redeclaring font encoding OML on input line 634.
LaTeX Font Info:    Redeclaring font encoding OMS on input line 635.
\macc@depth=\count141
\c@MaxMatrixCols=\count142
\dotsspace@=\muskip17
\c@parentequation=\count143
\dspbrk@lvl=\count144
\tag@help=\toks20
\row@=\count145
\column@=\count146
\maxfields@=\count147
\andhelp@=\toks21
\eqnshift@=\dimen150
\alignsep@=\dimen151
\tagshift@=\dimen152
\tagwidth@=\dimen153
\totwidth@=\dimen154
\lineht@=\dimen155
\@envbody=\toks22
\multlinegap=\skip51
\multlinetaggap=\skip52
\mathdisplay@stack=\toks23
LaTeX Info: Redefining \[ on input line 2739.
LaTeX Info: Redefining \] on input line 2740.
)
(/usr/local/texlive/2016/texmf-dist/tex/latex/substr/substr.sty
Package: substr 2009/10/20 v1.2 Handle substrings
\c@su@anzahl=\count148
)
(/usr/local/texlive/2016/texmf-dist/tex/latex/datatool/datatool-fp.sty
Package: datatool-fp 2016/01/18 v2.25 (NLCT)

(/usr/local/texlive/2016/texmf-dist/tex/latex/fp/fp.sty
Package: fp 1995/04/02

`Fixed Point Package', Version 0.8, April 2, 1995 (C) Michael Mehlich
(/usr/local/texlive/2016/texmf-dist/tex/latex/fp/defpattern.sty
Package: defpattern 1994/10/12
\actioncount=\count149
)
(/usr/local/texlive/2016/texmf-dist/tex/latex/fp/fp-basic.sty
Package: fp-basic 1996/05/13
\FP@xs=\count150
\FP@xia=\count151
\FP@xib=\count152
\FP@xfa=\count153
\FP@xfb=\count154
\FP@rega=\count155
\FP@regb=\count156
\FP@regs=\count157
\FP@times=\count158
)
(/usr/local/texlive/2016/texmf-dist/tex/latex/fp/fp-addons.sty
Package: fp-addons 1995/03/15
)
(/usr/local/texlive/2016/texmf-dist/tex/latex/fp/fp-snap.sty
Package: fp-snap 1995/04/05
)
(/usr/local/texlive/2016/texmf-dist/tex/latex/fp/fp-exp.sty
Package: fp-exp 1995/04/03
)
(/usr/local/texlive/2016/texmf-dist/tex/latex/fp/fp-trigo.sty
Package: fp-trigo 1995/04/14
)
(/usr/local/texlive/2016/texmf-dist/tex/latex/fp/fp-pas.sty
Package: fp-pas 1994/08/29
)
(/usr/local/texlive/2016/texmf-dist/tex/latex/fp/fp-random.sty
Package: fp-random 1995/02/23
\FPseed=\count159
)
(/usr/local/texlive/2016/texmf-dist/tex/latex/fp/fp-eqn.sty
Package: fp-eqn 1995/04/03
)
(/usr/local/texlive/2016/texmf-dist/tex/latex/fp/fp-upn.sty
Package: fp-upn 1996/10/21
)
(/usr/local/texlive/2016/texmf-dist/tex/latex/fp/fp-eval.sty
Package: fp-eval 1995/04/03
)))
\@dtl@toks=\toks24
\@dtl@tmpcount=\count160
\dtl@tmplength=\skip53
\dtl@sortresult=\count161
\@dtl@numgrpsepcount=\count162
\@dtl@datatype=\count163
\dtl@codeA=\count164
\dtl@codeB=\count165
\@dtl@foreach@level=\count166
)
(/usr/local/texlive/2016/texmf-dist/tex/latex/glossaries/base/glossaries-compat
ible-307.sty
Package: glossaries-compatible-307 2016/04/30 v4.23 (NLCT)
)
\gls@level=\count167
\@gls@tmpb=\toks25
\gls@tmplen=\skip54
\glskeylisttok=\toks26
\glslabeltok=\toks27
\glsshorttok=\toks28
\glslongtok=\toks29

(/usr/local/texlive/2016/texmf-dist/tex/latex/glossaries/styles/glossary-hypern
av.sty
Package: glossary-hypernav 2016/04/30 v4.23 (NLCT)
)
(/usr/local/texlive/2016/texmf-dist/tex/latex/glossaries/styles/glossary-list.s
ty
Package: glossary-list 2016/04/30 v4.23 (NLCT)
\glslistdottedwidth=\skip55
)
(/usr/local/texlive/2016/texmf-dist/tex/latex/glossaries/styles/glossary-long.s
ty
Package: glossary-long 2016/04/30 v4.23 (NLCT)
 (/usr/local/texlive/2016/texmf-dist/tex/latex/tools/longtable.sty
Package: longtable 2014/10/28 v4.11 Multi-page Table package (DPC)
\LTleft=\skip56
\LTright=\skip57
\LTpre=\skip58
\LTpost=\skip59
\LTchunksize=\count168
\LTcapwidth=\dimen156
\LT@head=\box47
\LT@firsthead=\box48
\LT@foot=\box49
\LT@lastfoot=\box50
\LT@cols=\count169
\LT@rows=\count170
\c@LT@tables=\count171
\c@LT@chunks=\count172
\LT@p@ftn=\toks30
)
\glsdescwidth=\skip60
\glspagelistwidth=\skip61
)
(/usr/local/texlive/2016/texmf-dist/tex/latex/glossaries/styles/glossary-super.
sty
Package: glossary-super 2016/04/30 v4.23 (NLCT)
 (/usr/local/texlive/2016/texmf-dist/tex/latex/supertabular/supertabular.sty
Package: supertabular 2004/02/20 v4.1e the supertabular environment
\c@tracingst=\count173
\ST@wd=\dimen157
\ST@rightskip=\skip62
\ST@leftskip=\skip63
\ST@parfillskip=\skip64
\ST@pageleft=\dimen158
\ST@headht=\dimen159
\ST@tailht=\dimen160
\ST@pagesofar=\dimen161
\ST@pboxht=\dimen162
\ST@lineht=\dimen163
\ST@stretchht=\dimen164
\ST@prevht=\dimen165
\ST@toadd=\dimen166
\ST@dimen=\dimen167
\ST@pbox=\box51
))
(/usr/local/texlive/2016/texmf-dist/tex/latex/glossaries/styles/glossary-tree.s
ty
Package: glossary-tree 2016/04/30 v4.23 (NLCT)
\glstreeindent=\skip65
))
\glswrite=\write4
\glo@main@file=\write5
\openout5 = `manual.glo'.

Package glossaries Info: Writing glossary file manual.glo on input line 10.
\glo@variable@file=\write6
\openout6 = `manual.vot'.

Package glossaries Info: Writing glossary file manual.vot on input line 10.
\glo@parameter@file=\write7
\openout7 = `manual.pot'.

Package glossaries Info: Writing glossary file manual.pot on input line 10.
\glo@parameter1@file=\write8
\openout8 = `manual.p1ot'.

Package glossaries Info: Writing glossary file manual.p1ot on input line 10.
 (./manual.aux)
\openout1 = `manual.aux'.

LaTeX Font Info:    Checking defaults for OML/cmm/m/it on input line 14.
LaTeX Font Info:    ... okay on input line 14.
LaTeX Font Info:    Checking defaults for T1/cmr/m/n on input line 14.
LaTeX Font Info:    ... okay on input line 14.
LaTeX Font Info:    Checking defaults for OT1/cmr/m/n on input line 14.
LaTeX Font Info:    ... okay on input line 14.
LaTeX Font Info:    Checking defaults for OMS/cmsy/m/n on input line 14.
LaTeX Font Info:    ... okay on input line 14.
LaTeX Font Info:    Checking defaults for OMX/cmex/m/n on input line 14.
LaTeX Font Info:    ... okay on input line 14.
LaTeX Font Info:    Checking defaults for U/cmr/m/n on input line 14.
LaTeX Font Info:    ... okay on input line 14.
LaTeX Font Info:    Checking defaults for PD1/pdf/m/n on input line 14.
LaTeX Font Info:    ... okay on input line 14.

(/usr/local/texlive/2016/texmf-dist/tex/context/base/mkii/supp-pdf.mkii
[Loading MPS to PDF converter (version 2006.09.02).]
\scratchcounter=\count174
\scratchdimen=\dimen168
\scratchbox=\box52
\nofMPsegments=\count175
\nofMParguments=\count176
\everyMPshowfont=\toks31
\MPscratchCnt=\count177
\MPscratchDim=\dimen169
\MPnumerator=\count178
\makeMPintoPDFobject=\count179
\everyMPtoPDFconversion=\toks32
) (/usr/local/texlive/2016/texmf-dist/tex/latex/oberdiek/epstopdf-base.sty
Package: epstopdf-base 2016/05/15 v2.6 Base part for package epstopdf

(/usr/local/texlive/2016/texmf-dist/tex/latex/oberdiek/grfext.sty
Package: grfext 2016/05/16 v1.2 Manage graphics extensions (HO)
)
Package grfext Info: Graphics extension search list:
(grfext)             [.png,.pdf,.jpg,.mps,.jpeg,.jbig2,.jb2,.PNG,.PDF,.JPG,.JPE
G,.JBIG2,.JB2,.eps]
(grfext)             \AppendGraphicsExtensions on input line 456.

(/usr/local/texlive/2016/texmf-dist/tex/latex/latexconfig/epstopdf-sys.cfg
File: epstopdf-sys.cfg 2010/07/13 v1.3 Configuration of (r)epstopdf for TeX Liv
e
))
\AtBeginShipoutBox=\box53
Package hyperref Info: Link coloring ON on input line 14.

(/usr/local/texlive/2016/texmf-dist/tex/latex/hyperref/nameref.sty
Package: nameref 2012/10/27 v2.43 Cross-referencing by name of section

(/usr/local/texlive/2016/texmf-dist/tex/generic/oberdiek/gettitlestring.sty
Package: gettitlestring 2016/05/16 v1.5 Cleanup title references (HO)
)
\c@section@level=\count180
)
LaTeX Info: Redefining \ref on input line 14.
LaTeX Info: Redefining \pageref on input line 14.
LaTeX Info: Redefining \nameref on input line 14.

(./manual.out) (./manual.out)
\@outlinefile=\write9
\openout9 = `manual.out'.

Package marginnote Info: \pdfoutput not 0 and \pdflastxpos available.
(marginnote)             Extended position detection mode activated.
Package caption Info: Begin \AtBeginDocument code.
Package caption Info: longtable package is loaded.

(/usr/local/texlive/2016/texmf-dist/tex/latex/caption/ltcaption.sty
Package: ltcaption 2013/06/09 v1.4-94 longtable captions (AR)
)
Package caption Info: supertabular package is loaded.
Package caption Info: End \AtBeginDocument code.
\@sidenotes@extrawidth=\skip66

(./manual.glsdefs)
Underfull \hbox (badness 10000) in paragraph at lines 25--29

 []

[1

\openout4 = `manual.ist'.

{/usr/local/texlive/2016/texmf-var/fonts/map/pdftex/updmap/pdftex.map}]
(./manual.toc [1])
\tf@toc=\write10
\openout10 = `manual.toc'.

 [2] (./glossary_notation_variables.tex
\@gls@deffile=\write11
\openout11 = `manual.glsdefs'.

)
(./glossary_notation_parameters.tex) (./glossary_notation_parameters1.tex)
No file manual.gls.
(./manual.vin) (./manual.pin [3]
Overfull \hbox (21.67648pt too wide) in paragraph at lines 30--32
[]\OT1/cmr/m/n/10 price thresh-old be-low which pro-duc-ers de-crease pro-duc-t
ion. In code: priceThresh-
 []


Overfull \hbox (17.89755pt too wide) in paragraph at lines 32--34
[]\OT1/cmr/m/n/10 price thresh-old above which pro-duc-ers in-crease pro-duc-ti
on. In code: priceThresh-
 []

) (./manual.p1in) [4]
LaTeX Font Info:    Try loading font information for OMS+cmr on input line 77.

(/usr/local/texlive/2016/texmf-dist/tex/latex/base/omscmr.fd
File: omscmr.fd 2014/09/29 v2.5h Standard LaTeX font definitions
)
LaTeX Font Info:    Font shape `OMS/cmr/m/n' in size <10> not available
(Font)              Font shape `OMS/cmsy/m/n' tried instead on input line 77.
pdfTeX warning (ext4): destination with the same identifier (name{page.1}) has 
been already used, duplicate ignored
<to be read again> 
                   \relax 
l.91 \begin{itemize}
                     [1] [2]
Overfull \hbox (55.51624pt too wide) in paragraph at lines 147--148
[]\OT1/cmr/m/n/10 The up-date fre-quency ([][][]$\OML/cmm/m/it/10 ^^\[]$[][]\OT
1/cmr/m/n/10 ) can be changed set-ting the []\OT1/cmtt/m/n/10 exportPolicyDecis
ionInterval
 []


Overfull \hbox (17.30144pt too wide) in paragraph at lines 149--149
[]\OT1/cmr/bx/n/12 Buyers with an as-so-ci-ated pro-ducer de-cide if al-low/for
bid
 []

[3]
Overfull \hbox (57.1128pt too wide) in paragraph at lines 157--158
[]\OT1/cmr/m/n/10 The up-date fre-quency ([][][]$\OML/cmm/m/it/10 ^^\[]$[][]\OT
1/cmr/m/n/10 ) can be changed set-ting the []\OT1/cmtt/m/n/10 exportPolicyDecis
ionInterval
 []

<fig_buying_strategy-0.pdf, id=444, 413.27087pt x 126.7133pt>
File: fig_buying_strategy-0.pdf Graphic file (type pdf)

<use fig_buying_strategy-0.pdf>
Package pdftex.def Info: fig_buying_strategy-0.pdf used on input line 191.
(pdftex.def)             Requested size: 413.26985pt x 126.71298pt.

Overfull \hbox (40.59073pt too wide) in paragraph at lines 190--192
[] [] 
 []

[4] <fig_buying_strategy-1.pdf, id=453, 413.27087pt x 133.1084pt>
File: fig_buying_strategy-1.pdf Graphic file (type pdf)

<use fig_buying_strategy-1.pdf>
Package pdftex.def Info: fig_buying_strategy-1.pdf used on input line 203.
(pdftex.def)             Requested size: 413.26985pt x 133.10806pt.

Overfull \hbox (40.59073pt too wide) in paragraph at lines 202--204
[] [] 
 []

[5 <./fig_buying_strategy-0.pdf> <./fig_buying_strategy-1.pdf>]
<fig_buying_strategy-2.pdf, id=502, 413.27087pt x 133.1084pt>
File: fig_buying_strategy-2.pdf Graphic file (type pdf)

<use fig_buying_strategy-2.pdf>
Package pdftex.def Info: fig_buying_strategy-2.pdf used on input line 221.
(pdftex.def)             Requested size: 413.26985pt x 133.10806pt.

Overfull \hbox (40.59073pt too wide) in paragraph at lines 220--222
[] [] 
 []

<fig_buying_strategy-3.pdf, id=504, 413.27087pt x 123.32324pt>
File: fig_buying_strategy-3.pdf Graphic file (type pdf)

<use fig_buying_strategy-3.pdf>
Package pdftex.def Info: fig_buying_strategy-3.pdf used on input line 227.
(pdftex.def)             Requested size: 413.26985pt x 123.32292pt.

Overfull \hbox (40.59073pt too wide) in paragraph at lines 226--228
[] [] 
 []

[6 <./fig_buying_strategy-2.pdf>]
<fig_buying_strategy-4.pdf, id=542, 413.1458pt x 123.32324pt>
File: fig_buying_strategy-4.pdf Graphic file (type pdf)

<use fig_buying_strategy-4.pdf>
Package pdftex.def Info: fig_buying_strategy-4.pdf used on input line 283.
(pdftex.def)             Requested size: 413.14479pt x 123.32292pt.

Overfull \hbox (40.46567pt too wide) in paragraph at lines 282--284
[] [] 
 []

[7 <./fig_buying_strategy-3.pdf>]
<fig_buying_strategy-5.pdf, id=570, 271.62198pt x 123.32324pt>
File: fig_buying_strategy-5.pdf Graphic file (type pdf)

<use fig_buying_strategy-5.pdf>
Package pdftex.def Info: fig_buying_strategy-5.pdf used on input line 292.
(pdftex.def)             Requested size: 271.6213pt x 123.32292pt.
 [8 <./fig_buying_strategy-4.pdf> <./fig_buying_strategy-5.pdf>]
<fig_market_equilibrium-0.pdf, id=603, 157.07103pt x 157.75165pt>
File: fig_market_equilibrium-0.pdf Graphic file (type pdf)

<use fig_market_equilibrium-0.pdf>
Package pdftex.def Info: fig_market_equilibrium-0.pdf used on input line 317.
(pdftex.def)             Requested size: 157.07063pt x 157.75125pt.
 [9 <./fig_market_equilibrium-0.pdf>]
[10]
Overfull \hbox (1.49698pt too wide) in paragraph at lines 393--396
[][]$\OT1/cmtt/m/n/10 http : / / www . oracle . com / technetwork / java / java
se / downloads / index . html$[][] 
 []

[11] <fig_cms_rs_navigation.png, id=659, 1163.34625pt x 741.77126pt>
File: fig_cms_rs_navigation.png Graphic file (type png)

<use fig_cms_rs_navigation.png>
Package pdftex.def Info: fig_cms_rs_navigation.png used on input line 429.
(pdftex.def)             Requested size: 407.17729pt x 259.62383pt.

Overfull \hbox (62.17729pt too wide) in paragraph at lines 428--430
[] 
 []

[12] [13 <./fig_cms_rs_navigation.png>]
<fig_cms_rs_navigation1.png, id=670, 1163.34625pt x 746.79pt>
File: fig_cms_rs_navigation1.png Graphic file (type png)

<use fig_cms_rs_navigation1.png>
Package pdftex.def Info: fig_cms_rs_navigation1.png used on input line 463.
(pdftex.def)             Requested size: 407.17729pt x 261.3804pt.

Overfull \hbox (62.17729pt too wide) in paragraph at lines 462--464
[] 
 []

[14 <./fig_cms_rs_navigation1.png>]
<fig_cms_rs_execution1.png, id=677, 1027.84pt x 34.1275pt>
File: fig_cms_rs_execution1.png Graphic file (type png)

<use fig_cms_rs_execution1.png>
Package pdftex.def Info: fig_cms_rs_execution1.png used on input line 499.
(pdftex.def)             Requested size: 359.74939pt x 11.9448pt.

Overfull \hbox (14.74939pt too wide) in paragraph at lines 498--500
[] 
 []

<fig_cms_rs_execution2.png, id=678, 1163.34625pt x 212.795pt>
File: fig_cms_rs_execution2.png Graphic file (type png)

<use fig_cms_rs_execution2.png>
Package pdftex.def Info: fig_cms_rs_execution2.png used on input line 505.
(pdftex.def)             Requested size: 407.17729pt x 74.47935pt.

Overfull \hbox (62.17729pt too wide) in paragraph at lines 504--506
[] 
 []

<fig_cms_rs_execution.png, id=679, 25.09375pt x 24.09pt>
File: fig_cms_rs_execution.png Graphic file (type png)

<use fig_cms_rs_execution.png>
Package pdftex.def Info: fig_cms_rs_execution.png used on input line 508.
(pdftex.def)             Requested size: 10.03731pt x 9.63582pt.
 <fig_home.png, id=680, 27.10126pt x 20.075pt>
File: fig_home.png Graphic file (type png)

<use fig_home.png>
Package pdftex.def Info: fig_home.png used on input line 508.
(pdftex.def)             Requested size: 10.8403pt x 8.02985pt.
 [15 <./fig_cms_rs_execution1.png> <./fig_cms_rs_execution2.png> <./fig_cms_rs_
execution.png> <./fig_home.png>]
<fig_cms_rs_gui7.png, id=690, 1043.9pt x 723.70375pt>
File: fig_cms_rs_gui7.png Graphic file (type png)

<use fig_cms_rs_gui7.png>
Package pdftex.def Info: fig_cms_rs_gui7.png used on input line 535.
(pdftex.def)             Requested size: 365.37047pt x 253.30011pt.

Overfull \hbox (20.37047pt too wide) in paragraph at lines 534--536
[] 
 []


Overfull \hbox (69.74638pt too wide) in paragraph at lines 567--567
[]\OT1/cmtt/m/n/10 name,latitude,longitude,production share,markets,products,fi
rst production time[] 
 []

[16 <./fig_cms_rs_gui7.png>]
Overfull \hbox (22.4968pt too wide) in paragraph at lines 567--567
[]\OT1/cmtt/m/n/10 United States of America,43.01,-104.08,0.2,Dallas|Brasilia,P
roduct A,1[] 
 []


Overfull \hbox (64.49643pt too wide) in paragraph at lines 594--594
[]\OT1/cmtt/m/n/10 name,latitude,longitude,demand share,demand curve intercept,
demand curve slope[] 
 []

[17]
Overfull \hbox (27.10175pt too wide) in paragraph at lines 599--601
[]\OT1/cmr/m/n/10 the buyer's name. This is matched against the first col-umn o
f the []\OT1/cmtt/m/n/10 producers.csv
 []

[18] <fig_cms_rs_gis1.png, id=714, 858.20625pt x 442.65375pt>
File: fig_cms_rs_gis1.png Graphic file (type png)

<use fig_cms_rs_gis1.png>
Package pdftex.def Info: fig_cms_rs_gis1.png used on input line 648.
(pdftex.def)             Requested size: 300.3767pt x 154.93112pt.
 [19 <./fig_cms_rs_gis1.png>]
<fig_cms_rs_gis2.png, id=720, 638.385pt x 447.6725pt>
File: fig_cms_rs_gis2.png Graphic file (type png)

<use fig_cms_rs_gis2.png>
Package pdftex.def Info: fig_cms_rs_gis2.png used on input line 653.
(pdftex.def)             Requested size: 223.43808pt x 156.68771pt.

<fig_cms_rs_gis3.png, id=721, 637.38126pt x 447.6725pt>
File: fig_cms_rs_gis3.png Graphic file (type png)

<use fig_cms_rs_gis3.png>
Package pdftex.def Info: fig_cms_rs_gis3.png used on input line 657.
(pdftex.def)             Requested size: 223.08678pt x 156.68771pt.

<fig_cms_rs_gis4a.png, id=722, 640.3925pt x 446.66875pt>
File: fig_cms_rs_gis4a.png Graphic file (type png)

<use fig_cms_rs_gis4a.png>
Package pdftex.def Info: fig_cms_rs_gis4a.png used on input line 663.
(pdftex.def)             Requested size: 224.14073pt x 156.3364pt.
 [20 <./fig_cms_rs_gis2.png> <./fig_cms_rs_gis3.png>] <fig_cms_rs_gis4b.png, id
=730, 640.3925pt x 446.66875pt>
File: fig_cms_rs_gis4b.png Graphic file (type png)

<use fig_cms_rs_gis4b.png>
Package pdftex.def Info: fig_cms_rs_gis4b.png used on input line 667.
(pdftex.def)             Requested size: 224.14073pt x 156.3364pt.

<fig_cms_rs_gis6.png, id=735, 549.05125pt x 400.49625pt>
File: fig_cms_rs_gis6.png Graphic file (type png)

<use fig_cms_rs_gis6.png>
Package pdftex.def Info: fig_cms_rs_gis6.png used on input line 675.
(pdftex.def)             Requested size: 192.1708pt x 140.17578pt.
 [21 <./fig_cms_rs_gis4a.png> <./fig_cms_rs_gis4b.png>] <fig_cms_rs_gis7.png, i
d=749, 640.3925pt x 446.66875pt>
File: fig_cms_rs_gis7.png Graphic file (type png)

<use fig_cms_rs_gis7.png>
Package pdftex.def Info: fig_cms_rs_gis7.png used on input line 679.
(pdftex.def)             Requested size: 224.14073pt x 156.3364pt.

<fig_cms_rs_gis8.png, id=750, 640.3925pt x 446.66875pt>
File: fig_cms_rs_gis8.png Graphic file (type png)

<use fig_cms_rs_gis8.png>
Package pdftex.def Info: fig_cms_rs_gis8.png used on input line 683.
(pdftex.def)             Requested size: 224.14073pt x 156.3364pt.
 <fig_cms_rs_gis9.png, id=751, 730.73pt x 443.6575pt>
File: fig_cms_rs_gis9.png Graphic file (type png)

<use fig_cms_rs_gis9.png>
Package pdftex.def Info: fig_cms_rs_gis9.png used on input line 687.
(pdftex.def)             Requested size: 255.75932pt x 155.28244pt.
 [22 <./fig_cms_rs_gis6.png> <./fig_cms_rs_gis7.png> <./fig_cms_rs_gis8.png>]
File: fig_home.png Graphic file (type png)
 <use fig_home.png>
Package pdftex.def Info: fig_home.png used on input line 691.
(pdftex.def)             Requested size: 10.8403pt x 8.02985pt.

<fig_cms_rs_gis10.png, id=759, 856.19875pt x 536.0025pt>
File: fig_cms_rs_gis10.png Graphic file (type png)

<use fig_cms_rs_gis10.png>
Package pdftex.def Info: fig_cms_rs_gis10.png used on input line 693.
(pdftex.def)             Requested size: 299.67404pt x 187.60368pt.
 [23 <./fig_cms_rs_gis9.png> <./fig_cms_rs_gis10.png>] <fig_cms_rs_data1.png, i
d=768, 854.19125pt x 536.0025pt>
File: fig_cms_rs_data1.png Graphic file (type png)

<use fig_cms_rs_data1.png>
Package pdftex.def Info: fig_cms_rs_data1.png used on input line 713.
(pdftex.def)             Requested size: 298.97142pt x 187.60368pt.

<fig_cms_rs_data2.png, id=769, 641.39626pt x 468.75125pt>
File: fig_cms_rs_data2.png Graphic file (type png)

<use fig_cms_rs_data2.png>
Package pdftex.def Info: fig_cms_rs_data2.png used on input line 717.
(pdftex.def)             Requested size: 224.49205pt x 164.06538pt.
 [24 <./fig_cms_rs_data1.png> <./fig_cms_rs_data2.png>] <fig_cms_rs_data3.png, 
id=778, 639.38875pt x 467.7475pt>
File: fig_cms_rs_data3.png Graphic file (type png)

<use fig_cms_rs_data3.png>
Package pdftex.def Info: fig_cms_rs_data3.png used on input line 721.
(pdftex.def)             Requested size: 223.78941pt x 163.71407pt.

<fig_cms_rs_data4.png, id=779, 856.19875pt x 533.995pt>
File: fig_cms_rs_data4.png Graphic file (type png)

<use fig_cms_rs_data4.png>
Package pdftex.def Info: fig_cms_rs_data4.png used on input line 725.
(pdftex.def)             Requested size: 299.67404pt x 186.90105pt.

Overfull \hbox (8.99007pt too wide) in paragraph at lines 729--731
\OT1/cmr/m/n/10 with the pre-vi-ously de-scribed pro-ce-dure. The data set []\O
T1/cmtt/m/n/10 market sessions dataset
 []

<fig_cms_rs_chart1.png, id=780, 640.3925pt x 448.67625pt>
File: fig_cms_rs_chart1.png Graphic file (type png)

<use fig_cms_rs_chart1.png>
Package pdftex.def Info: fig_cms_rs_chart1.png used on input line 732.
(pdftex.def)             Requested size: 224.14073pt x 157.03903pt.
 [25 <./fig_cms_rs_data3.png> <./fig_cms_rs_data4.png>] <fig_cms_rs_chart2.png,
 id=787, 639.38875pt x 445.665pt>
File: fig_cms_rs_chart2.png Graphic file (type png)

<use fig_cms_rs_chart2.png>
Package pdftex.def Info: fig_cms_rs_chart2.png used on input line 736.
(pdftex.def)             Requested size: 223.78941pt x 155.98508pt.

<fig_cms_rs_chart3.png, id=788, 639.38875pt x 450.68375pt>
File: fig_cms_rs_chart3.png Graphic file (type png)

<use fig_cms_rs_chart3.png>
Package pdftex.def Info: fig_cms_rs_chart3.png used on input line 740.
(pdftex.def)             Requested size: 223.78941pt x 157.74167pt.
 [26 <./fig_cms_rs_chart1.png> <./fig_cms_rs_chart2.png>] <fig_cms_rs_chart4.pn
g, id=796, 855.195pt x 533.995pt>
File: fig_cms_rs_chart4.png Graphic file (type png)

<use fig_cms_rs_chart4.png>
Package pdftex.def Info: fig_cms_rs_chart4.png used on input line 744.
(pdftex.def)             Requested size: 299.32274pt x 186.90105pt.

<fig_cms_rs_chart5.png, id=797, 856.19875pt x 533.995pt>
File: fig_cms_rs_chart5.png Graphic file (type png)

<use fig_cms_rs_chart5.png>
Package pdftex.def Info: fig_cms_rs_chart5.png used on input line 748.
(pdftex.def)             Requested size: 299.67404pt x 186.90105pt.
 [27 <./fig_cms_rs_chart3.png> <./fig_cms_rs_chart4.png>] <fig_cms_rs_parameter
s.png, id=804, 854.19125pt x 538.01pt>
File: fig_cms_rs_parameters.png Graphic file (type png)

<use fig_cms_rs_parameters.png>
Package pdftex.def Info: fig_cms_rs_parameters.png used on input line 762.
(pdftex.def)             Requested size: 298.97142pt x 188.30632pt.
 [28 <./fig_cms_rs_chart5.png>]
<fig_cms_rs_batch1.png, id=810, 1043.9pt x 170.6375pt>
File: fig_cms_rs_batch1.png Graphic file (type png)

<use fig_cms_rs_batch1.png>
Package pdftex.def Info: fig_cms_rs_batch1.png used on input line 773.
(pdftex.def)             Requested size: 365.37047pt x 59.72401pt.

Overfull \hbox (20.37047pt too wide) in paragraph at lines 772--774
[] 
 []

<fig_cms_rs_batch2.png, id=811, 25.09375pt x 24.09pt>
File: fig_cms_rs_batch2.png Graphic file (type png)

<use fig_cms_rs_batch2.png>
Package pdftex.def Info: fig_cms_rs_batch2.png used on input line 776.
(pdftex.def)             Requested size: 8.78293pt x 8.43161pt.

<fig_cms_rs_batch3.png, id=812, 652.4375pt x 526.96875pt>
File: fig_cms_rs_batch3.png Graphic file (type png)

<use fig_cms_rs_batch3.png>
Package pdftex.def Info: fig_cms_rs_batch3.png used on input line 781.
(pdftex.def)             Requested size: 228.35654pt x 184.44182pt.
 [29 <./fig_cms_rs_parameters.png> <./fig_cms_rs_batch1.png> <./fig_cms_rs_batc
h2.png>]
<fig_cms_rs_batch4.png, id=820, 650.43pt x 527.9725pt>
File: fig_cms_rs_batch4.png Graphic file (type png)

<use fig_cms_rs_batch4.png>
Package pdftex.def Info: fig_cms_rs_batch4.png used on input line 795.
(pdftex.def)             Requested size: 227.6539pt x 184.79314pt.
 [30 <./fig_cms_rs_batch3.png>]
Overfull \hbox (6.95277pt too wide) in paragraph at lines 803--803
[]\OT1/cmr/bx/n/12 Two Iden-ti-cal Coun-tries, One mar-ket, No Sup-ply Shock 
 []


Overfull \hbox (69.74638pt too wide) in paragraph at lines 817--817
[]\OT1/cmtt/m/n/10 name,latitude,longitude,production share,markets,products,fi
rst production time[] 
 []


Overfull \hbox (64.49643pt too wide) in paragraph at lines 824--824
[]\OT1/cmtt/m/n/10 name,latitude,longitude,demand share,demand curve intercept,
demand curve slope[] 
 []

[31 <./fig_cms_rs_batch4.png>]
<fig_case1_map.png, id=831, 569.12625pt x 387.4475pt>
File: fig_case1_map.png Graphic file (type png)
 <use fig_case1_map.png>
Package pdftex.def Info: fig_case1_map.png used on input line 844.
(pdftex.def)             Requested size: 341.47838pt x 232.47029pt.

Overfull \hbox (11.47838pt too wide) in paragraph at lines 844--845
[][] 
 []

<fig_case1_qs.png, id=832, 569.12625pt x 407.5225pt>
File: fig_case1_qs.png Graphic file (type png)
 <use fig_case1_qs.png>
Package pdftex.def Info: fig_case1_qs.png used on input line 883.
(pdftex.def)             Requested size: 227.64647pt x 163.0061pt.

<fig_case1_imports.png, id=833, 569.12625pt x 407.5225pt>
File: fig_case1_imports.png Graphic file (type png)

<use fig_case1_imports.png>
Package pdftex.def Info: fig_case1_imports.png used on input line 884.
(pdftex.def)             Requested size: 227.64647pt x 163.0061pt.

Overfull \hbox (70.60965pt too wide) in paragraph at lines 882--885
[] [] [] 
 []

[32 <./fig_case1_map.png (PNG copy)>]
<fig_case1_prices.png, id=839, 569.12625pt x 407.5225pt>
File: fig_case1_prices.png Graphic file (type png)

<use fig_case1_prices.png>
Package pdftex.def Info: fig_case1_prices.png used on input line 890.
(pdftex.def)             Requested size: 227.64647pt x 163.0061pt.

<fig_case1_quantities.png, id=840, 569.12625pt x 407.5225pt>
File: fig_case1_quantities.png Graphic file (type png)

<use fig_case1_quantities.png>
Package pdftex.def Info: fig_case1_quantities.png used on input line 891.
(pdftex.def)             Requested size: 227.64647pt x 163.0061pt.

Overfull \hbox (70.60965pt too wide) in paragraph at lines 889--892
[] [] [] 
 []

[33 <./fig_case1_qs.png (PNG copy)> <./fig_case1_imports.png (PNG copy)> <./fig
_case1_prices.png (PNG copy)> <./fig_case1_quantities.png (PNG copy)>]
<fig_case2_qs.png, id=845, 569.12625pt x 407.5225pt>
File: fig_case2_qs.png Graphic file (type png)
 <use fig_case2_qs.png>
Package pdftex.def Info: fig_case2_qs.png used on input line 935.
(pdftex.def)             Requested size: 227.64647pt x 163.0061pt.

<fig_case2_imports.png, id=846, 569.12625pt x 407.5225pt>
File: fig_case2_imports.png Graphic file (type png)

<use fig_case2_imports.png>
Package pdftex.def Info: fig_case2_imports.png used on input line 936.
(pdftex.def)             Requested size: 227.64647pt x 163.0061pt.

Overfull \hbox (70.60965pt too wide) in paragraph at lines 934--937
[] [] [] 
 []

<fig_case2_prices.png, id=847, 569.12625pt x 407.5225pt>
File: fig_case2_prices.png Graphic file (type png)

<use fig_case2_prices.png>
Package pdftex.def Info: fig_case2_prices.png used on input line 942.
(pdftex.def)             Requested size: 227.64647pt x 163.0061pt.

<fig_case2_quantities.png, id=848, 569.12625pt x 407.5225pt>
File: fig_case2_quantities.png Graphic file (type png)

<use fig_case2_quantities.png>
Package pdftex.def Info: fig_case2_quantities.png used on input line 943.
(pdftex.def)             Requested size: 227.64647pt x 163.0061pt.

Overfull \hbox (70.60965pt too wide) in paragraph at lines 941--944
[] [] [] 
 []

[34 <./fig_case2_qs.png (PNG copy)> <./fig_case2_imports.png (PNG copy)>]
Overfull \hbox (8.00833pt too wide) in paragraph at lines 958--958
[]\OT1/cmr/bx/n/12 Two Dif-fer-ent Coun-tries, One mar-ket, No Sup-ply Shock 
 []


Overfull \hbox (64.49643pt too wide) in paragraph at lines 968--968
[]\OT1/cmtt/m/n/10 name,latitude,longitude,demand share,demand curve intercept,
demand curve slope[] 
 []


Overfull \hbox (69.74638pt too wide) in paragraph at lines 976--976
[]\OT1/cmtt/m/n/10 name,latitude,longitude,production share,markets,products,fi
rst production time[] 
 []

[35 <./fig_case2_prices.png (PNG copy)> <./fig_case2_quantities.png (PNG copy)>
] <fig_case3_map.png, id=857, 569.12625pt x 387.4475pt>
File: fig_case3_map.png Graphic file (type png)

<use fig_case3_map.png>
Package pdftex.def Info: fig_case3_map.png used on input line 982.
(pdftex.def)             Requested size: 341.47838pt x 232.47029pt.

Overfull \hbox (0.97014pt too wide) in paragraph at lines 986--990
[]\OT1/cmtt/m/n/10 percentageOfPriceMarkDownInNewlyAccessibleMarkets \OT1/cmr/m
/n/10 pa-ram-e-ter is not too
 []

<fig_case3_qs.png, id=858, 569.12625pt x 407.5225pt>
File: fig_case3_qs.png Graphic file (type png)
 <use fig_case3_qs.png>
Package pdftex.def Info: fig_case3_qs.png used on input line 994.
(pdftex.def)             Requested size: 227.64647pt x 163.0061pt.

<fig_case3_imports.png, id=859, 569.12625pt x 407.5225pt>
File: fig_case3_imports.png Graphic file (type png)

<use fig_case3_imports.png>
Package pdftex.def Info: fig_case3_imports.png used on input line 995.
(pdftex.def)             Requested size: 227.64647pt x 163.0061pt.

Overfull \hbox (70.60965pt too wide) in paragraph at lines 993--996
[] [] [] 
 []

[36 <./fig_case3_map.png (PNG copy)>]
<fig_case3_prices.png, id=864, 569.12625pt x 407.5225pt>
File: fig_case3_prices.png Graphic file (type png)

<use fig_case3_prices.png>
Package pdftex.def Info: fig_case3_prices.png used on input line 1001.
(pdftex.def)             Requested size: 227.64647pt x 163.0061pt.

<fig_case3_quantities.png, id=865, 569.12625pt x 407.5225pt>
File: fig_case3_quantities.png Graphic file (type png)

<use fig_case3_quantities.png>
Package pdftex.def Info: fig_case3_quantities.png used on input line 1002.
(pdftex.def)             Requested size: 227.64647pt x 163.0061pt.

Overfull \hbox (70.60965pt too wide) in paragraph at lines 1000--1003
[] [] [] 
 []

<fig_case4_qs.png, id=866, 569.12625pt x 407.5225pt>
File: fig_case4_qs.png Graphic file (type png)
 <use fig_case4_qs.png>
Package pdftex.def Info: fig_case4_qs.png used on input line 1012.
(pdftex.def)             Requested size: 227.64647pt x 163.0061pt.

<fig_case4_imports.png, id=867, 569.12625pt x 407.5225pt>
File: fig_case4_imports.png Graphic file (type png)

<use fig_case4_imports.png>
Package pdftex.def Info: fig_case4_imports.png used on input line 1013.
(pdftex.def)             Requested size: 227.64647pt x 163.0061pt.

Overfull \hbox (70.60965pt too wide) in paragraph at lines 1011--1014
[] [] [] 
 []

[37 <./fig_case3_qs.png (PNG copy)> <./fig_case3_imports.png (PNG copy)> <./fig
_case3_prices.png (PNG copy)> <./fig_case3_quantities.png (PNG copy)>]
<fig_case4_prices.png, id=872, 569.12625pt x 407.5225pt>
File: fig_case4_prices.png Graphic file (type png)

<use fig_case4_prices.png>
Package pdftex.def Info: fig_case4_prices.png used on input line 1019.
(pdftex.def)             Requested size: 227.64647pt x 163.0061pt.

<fig_case4_quantities.png, id=873, 569.12625pt x 407.5225pt>
File: fig_case4_quantities.png Graphic file (type png)

<use fig_case4_quantities.png>
Package pdftex.def Info: fig_case4_quantities.png used on input line 1020.
(pdftex.def)             Requested size: 227.64647pt x 163.0061pt.

Overfull \hbox (70.60965pt too wide) in paragraph at lines 1018--1021
[] [] [] 
 []

<fig_case5_qs.png, id=874, 569.12625pt x 407.5225pt>
File: fig_case5_qs.png Graphic file (type png)
 <use fig_case5_qs.png>
Package pdftex.def Info: fig_case5_qs.png used on input line 1029.
(pdftex.def)             Requested size: 227.64647pt x 163.0061pt.

<fig_case5_imports.png, id=875, 569.12625pt x 407.5225pt>
File: fig_case5_imports.png Graphic file (type png)

<use fig_case5_imports.png>
Package pdftex.def Info: fig_case5_imports.png used on input line 1030.
(pdftex.def)             Requested size: 227.64647pt x 163.0061pt.

Overfull \hbox (70.60965pt too wide) in paragraph at lines 1028--1031
[] [] [] 
 []

[38 <./fig_case4_qs.png (PNG copy)> <./fig_case4_imports.png (PNG copy)> <./fig
_case4_prices.png (PNG copy)> <./fig_case4_quantities.png (PNG copy)>]
<fig_case5_prices.png, id=881, 569.12625pt x 407.5225pt>
File: fig_case5_prices.png Graphic file (type png)

<use fig_case5_prices.png>
Package pdftex.def Info: fig_case5_prices.png used on input line 1036.
(pdftex.def)             Requested size: 227.64647pt x 163.0061pt.

<fig_case5_quantities.png, id=882, 569.12625pt x 407.5225pt>
File: fig_case5_quantities.png Graphic file (type png)

<use fig_case5_quantities.png>
Package pdftex.def Info: fig_case5_quantities.png used on input line 1037.
(pdftex.def)             Requested size: 227.64647pt x 163.0061pt.

Overfull \hbox (70.60965pt too wide) in paragraph at lines 1035--1038
[] [] [] 
 []


Overfull \hbox (64.49643pt too wide) in paragraph at lines 1055--1055
[]\OT1/cmtt/m/n/10 name,latitude,longitude,demand share,demand curve intercept,
demand curve slope[] 
 []


Overfull \hbox (69.74638pt too wide) in paragraph at lines 1055--1055
[]\OT1/cmtt/m/n/10 name,latitude,longitude,production share,markets,products,fi
rst production time[] 
 []

<fig_case6_map.png, id=883, 569.12625pt x 387.4475pt>
File: fig_case6_map.png Graphic file (type png)
 <use fig_case6_map.png>
Package pdftex.def Info: fig_case6_map.png used on input line 1060.
(pdftex.def)             Requested size: 341.47838pt x 232.47029pt.

[39 <./fig_case5_qs.png (PNG copy)> <./fig_case5_imports.png (PNG copy)> <./fig
_case5_prices.png (PNG copy)> <./fig_case5_quantities.png (PNG copy)>]
<fig_case6_qs.png, id=889, 569.12625pt x 407.5225pt>
File: fig_case6_qs.png Graphic file (type png)
 <use fig_case6_qs.png>
Package pdftex.def Info: fig_case6_qs.png used on input line 1065.
(pdftex.def)             Requested size: 227.64647pt x 163.0061pt.

<fig_case6_imports.png, id=890, 569.12625pt x 407.5225pt>
File: fig_case6_imports.png Graphic file (type png)

<use fig_case6_imports.png>
Package pdftex.def Info: fig_case6_imports.png used on input line 1066.
(pdftex.def)             Requested size: 227.64647pt x 163.0061pt.

Overfull \hbox (70.60965pt too wide) in paragraph at lines 1064--1067
[] [] [] 
 []

<fig_case6_prices.png, id=891, 569.12625pt x 407.5225pt>
File: fig_case6_prices.png Graphic file (type png)

<use fig_case6_prices.png>
Package pdftex.def Info: fig_case6_prices.png used on input line 1072.
(pdftex.def)             Requested size: 227.64647pt x 163.0061pt.

<fig_case6_quantities.png, id=892, 569.12625pt x 407.5225pt>
File: fig_case6_quantities.png Graphic file (type png)

<use fig_case6_quantities.png>
Package pdftex.def Info: fig_case6_quantities.png used on input line 1073.
(pdftex.def)             Requested size: 227.64647pt x 163.0061pt.

Overfull \hbox (70.60965pt too wide) in paragraph at lines 1071--1074
[] [] [] 
 []

[40 <./fig_case6_map.png (PNG copy)> <./fig_case6_qs.png (PNG copy)> <./fig_cas
e6_imports.png (PNG copy)>]
<fig_case7_map.png, id=897, 569.12625pt x 387.4475pt>
File: fig_case7_map.png Graphic file (type png)
 <use fig_case7_map.png>
Package pdftex.def Info: fig_case7_map.png used on input line 1089.
(pdftex.def)             Requested size: 341.47838pt x 232.47029pt.

<fig_case7_qs.png, id=898, 569.12625pt x 407.5225pt>
File: fig_case7_qs.png Graphic file (type png)
 <use fig_case7_qs.png>
Package pdftex.def Info: fig_case7_qs.png used on input line 1094.
(pdftex.def)             Requested size: 227.64647pt x 163.0061pt.

<fig_case7_imports.png, id=899, 569.12625pt x 407.5225pt>
File: fig_case7_imports.png Graphic file (type png)

<use fig_case7_imports.png>
Package pdftex.def Info: fig_case7_imports.png used on input line 1095.
(pdftex.def)             Requested size: 227.64647pt x 163.0061pt.

Overfull \hbox (70.60965pt too wide) in paragraph at lines 1093--1096
[] [] [] 
 []

[41 <./fig_case6_prices.png (PNG copy)> <./fig_case6_quantities.png (PNG copy)>
 <./fig_case7_map.png (PNG copy)>]
<fig_case7_prices.png, id=904, 569.12625pt x 407.5225pt>
File: fig_case7_prices.png Graphic file (type png)

<use fig_case7_prices.png>
Package pdftex.def Info: fig_case7_prices.png used on input line 1101.
(pdftex.def)             Requested size: 227.64647pt x 163.0061pt.

<fig_case7_quantities.png, id=905, 569.12625pt x 407.5225pt>
File: fig_case7_quantities.png Graphic file (type png)

<use fig_case7_quantities.png>
Package pdftex.def Info: fig_case7_quantities.png used on input line 1102.
(pdftex.def)             Requested size: 227.64647pt x 163.0061pt.

Overfull \hbox (70.60965pt too wide) in paragraph at lines 1100--1103
[] [] [] 
 []

[42 <./fig_case7_qs.png (PNG copy)> <./fig_case7_imports.png (PNG copy)> <./fig
_case7_prices.png (PNG copy)> <./fig_case7_quantities.png (PNG copy)>]
<fig_2_2_2_map.png, id=910, 660.4675pt x 391.4625pt>
File: fig_2_2_2_map.png Graphic file (type png)
 <use fig_2_2_2_map.png>
Package pdftex.def Info: fig_2_2_2_map.png used on input line 1108.
(pdftex.def)             Requested size: 396.28355pt x 234.8793pt.

Overfull \hbox (51.28355pt too wide) in paragraph at lines 1108--1109
[] 
 []

[43 <./fig_2_2_2_map.png (PNG copy)>]
Overfull \hbox (7.47919pt too wide) in paragraph at lines 1111--1111
[]\OT1/cmr/bx/n/12 Two Dif-fer-ent Coun-tries, two mar-kets, no Sup-ply Shock 
 []

<fig_case01_consumption.pdf, id=915, 361.35pt x 303.1325pt>
File: fig_case01_consumption.pdf Graphic file (type pdf)

<use fig_case01_consumption.pdf>
Package pdftex.def Info: fig_case01_consumption.pdf used on input line 1116.
(pdftex.def)             Requested size: 180.67456pt x 151.56587pt.

<fig_case01_import.pdf, id=916, 361.35pt x 303.1325pt>
File: fig_case01_import.pdf Graphic file (type pdf)

<use fig_case01_import.pdf>
Package pdftex.def Info: fig_case01_import.pdf used on input line 1117.
(pdftex.def)             Requested size: 180.67456pt x 151.56587pt.

Overfull \hbox (5.11859pt too wide) in paragraph at lines 1115--1118
[] [] [] 
 []

<fig_case01_prices.pdf, id=917, 361.35pt x 303.1325pt>
File: fig_case01_prices.pdf Graphic file (type pdf)

<use fig_case01_prices.pdf>
Package pdftex.def Info: fig_case01_prices.pdf used on input line 1122.
(pdftex.def)             Requested size: 180.67456pt x 151.56587pt.

<fig_case01_quantities.pdf, id=918, 361.35pt x 303.1325pt>
File: fig_case01_quantities.pdf Graphic file (type pdf)

<use fig_case01_quantities.pdf>
Package pdftex.def Info: fig_case01_quantities.pdf used on input line 1123.
(pdftex.def)             Requested size: 180.67456pt x 151.56587pt.

Overfull \hbox (5.11859pt too wide) in paragraph at lines 1121--1124
[] [] [] 
 []

<fig_case01_price.pdf, id=919, 361.35pt x 303.1325pt>
File: fig_case01_price.pdf Graphic file (type pdf)

<use fig_case01_price.pdf>
Package pdftex.def Info: fig_case01_price.pdf used on input line 1128.
(pdftex.def)             Requested size: 180.67456pt x 151.56587pt.

<fig_case01_production.pdf, id=920, 361.35pt x 303.1325pt>
File: fig_case01_production.pdf Graphic file (type pdf)

<use fig_case01_production.pdf>
Package pdftex.def Info: fig_case01_production.pdf used on input line 1129.
(pdftex.def)             Requested size: 180.67456pt x 151.56587pt.

Overfull \hbox (5.11859pt too wide) in paragraph at lines 1127--1130
[] [] [] 
 []

[44 <./fig_case01_consumption.pdf> <./fig_case01_import.pdf> <./fig_case01_pric
es.pdf> <./fig_case01_quantities.pdf> <./fig_case01_price.pdf> <./fig_case01_pr
oduction.pdf>] <fig_case02_consumption.pdf, id=962, 361.35pt x 303.1325pt>
File: fig_case02_consumption.pdf Graphic file (type pdf)

<use fig_case02_consumption.pdf>
Package pdftex.def Info: fig_case02_consumption.pdf used on input line 1137.
(pdftex.def)             Requested size: 180.67456pt x 151.56587pt.

<fig_case02_import.pdf, id=963, 361.35pt x 303.1325pt>
File: fig_case02_import.pdf Graphic file (type pdf)

<use fig_case02_import.pdf>
Package pdftex.def Info: fig_case02_import.pdf used on input line 1138.
(pdftex.def)             Requested size: 180.67456pt x 151.56587pt.

Overfull \hbox (5.11859pt too wide) in paragraph at lines 1136--1139
[] [] [] 
 []

<fig_case02_prices.pdf, id=964, 361.35pt x 303.1325pt>
File: fig_case02_prices.pdf Graphic file (type pdf)

<use fig_case02_prices.pdf>
Package pdftex.def Info: fig_case02_prices.pdf used on input line 1143.
(pdftex.def)             Requested size: 180.67456pt x 151.56587pt.

<fig_case02_quantities.pdf, id=965, 361.35pt x 303.1325pt>
File: fig_case02_quantities.pdf Graphic file (type pdf)

<use fig_case02_quantities.pdf>
Package pdftex.def Info: fig_case02_quantities.pdf used on input line 1144.
(pdftex.def)             Requested size: 180.67456pt x 151.56587pt.

Overfull \hbox (5.11859pt too wide) in paragraph at lines 1142--1145
[] [] [] 
 []

<fig_case02_price.pdf, id=966, 361.35pt x 303.1325pt>
File: fig_case02_price.pdf Graphic file (type pdf)

<use fig_case02_price.pdf>
Package pdftex.def Info: fig_case02_price.pdf used on input line 1149.
(pdftex.def)             Requested size: 180.67456pt x 151.56587pt.

<fig_case02_production.pdf, id=967, 361.35pt x 303.1325pt>
File: fig_case02_production.pdf Graphic file (type pdf)

<use fig_case02_production.pdf>
Package pdftex.def Info: fig_case02_production.pdf used on input line 1150.
(pdftex.def)             Requested size: 180.67456pt x 151.56587pt.

Overfull \hbox (5.11859pt too wide) in paragraph at lines 1148--1151
[] [] [] 
 []

[45 <./fig_case02_consumption.pdf> <./fig_case02_import.pdf> <./fig_case02_pric
es.pdf> <./fig_case02_quantities.pdf> <./fig_case02_price.pdf> <./fig_case02_pr
oduction.pdf>] <fig_case03_consumption.pdf, id=1008, 361.35pt x 303.1325pt>
File: fig_case03_consumption.pdf Graphic file (type pdf)

<use fig_case03_consumption.pdf>
Package pdftex.def Info: fig_case03_consumption.pdf used on input line 1160.
(pdftex.def)             Requested size: 180.67456pt x 151.56587pt.

<fig_case03_import.pdf, id=1009, 361.35pt x 303.1325pt>
File: fig_case03_import.pdf Graphic file (type pdf)

<use fig_case03_import.pdf>
Package pdftex.def Info: fig_case03_import.pdf used on input line 1161.
(pdftex.def)             Requested size: 180.67456pt x 151.56587pt.

Overfull \hbox (5.11859pt too wide) in paragraph at lines 1159--1162
[] [] [] 
 []

<fig_case03_prices.pdf, id=1010, 361.35pt x 303.1325pt>
File: fig_case03_prices.pdf Graphic file (type pdf)

<use fig_case03_prices.pdf>
Package pdftex.def Info: fig_case03_prices.pdf used on input line 1166.
(pdftex.def)             Requested size: 180.67456pt x 151.56587pt.

<fig_case03_quantities.pdf, id=1011, 361.35pt x 303.1325pt>
File: fig_case03_quantities.pdf Graphic file (type pdf)

<use fig_case03_quantities.pdf>
Package pdftex.def Info: fig_case03_quantities.pdf used on input line 1167.
(pdftex.def)             Requested size: 180.67456pt x 151.56587pt.

Overfull \hbox (5.11859pt too wide) in paragraph at lines 1165--1168
[] [] [] 
 []

<fig_case03_price.pdf, id=1012, 361.35pt x 303.1325pt>
File: fig_case03_price.pdf Graphic file (type pdf)

<use fig_case03_price.pdf>
Package pdftex.def Info: fig_case03_price.pdf used on input line 1172.
(pdftex.def)             Requested size: 180.67456pt x 151.56587pt.

<fig_case03_production.pdf, id=1013, 361.35pt x 303.1325pt>
File: fig_case03_production.pdf Graphic file (type pdf)

<use fig_case03_production.pdf>
Package pdftex.def Info: fig_case03_production.pdf used on input line 1173.
(pdftex.def)             Requested size: 180.67456pt x 151.56587pt.

Overfull \hbox (5.11859pt too wide) in paragraph at lines 1171--1174
[] [] [] 
 []

[46 <./fig_case03_consumption.pdf> <./fig_case03_import.pdf> <./fig_case03_pric
es.pdf> <./fig_case03_quantities.pdf> <./fig_case03_price.pdf> <./fig_case03_pr
oduction.pdf>] <fig_case04_consumption.pdf, id=1055, 361.35pt x 303.1325pt>
File: fig_case04_consumption.pdf Graphic file (type pdf)

<use fig_case04_consumption.pdf>
Package pdftex.def Info: fig_case04_consumption.pdf used on input line 1182.
(pdftex.def)             Requested size: 180.67456pt x 151.56587pt.

<fig_case04_import.pdf, id=1056, 361.35pt x 303.1325pt>
File: fig_case04_import.pdf Graphic file (type pdf)

<use fig_case04_import.pdf>
Package pdftex.def Info: fig_case04_import.pdf used on input line 1183.
(pdftex.def)             Requested size: 180.67456pt x 151.56587pt.

Overfull \hbox (5.11859pt too wide) in paragraph at lines 1181--1184
[] [] [] 
 []

<fig_case04_prices.pdf, id=1057, 361.35pt x 303.1325pt>
File: fig_case04_prices.pdf Graphic file (type pdf)

<use fig_case04_prices.pdf>
Package pdftex.def Info: fig_case04_prices.pdf used on input line 1188.
(pdftex.def)             Requested size: 180.67456pt x 151.56587pt.

<fig_case04_quantities.pdf, id=1058, 361.35pt x 303.1325pt>
File: fig_case04_quantities.pdf Graphic file (type pdf)

<use fig_case04_quantities.pdf>
Package pdftex.def Info: fig_case04_quantities.pdf used on input line 1189.
(pdftex.def)             Requested size: 180.67456pt x 151.56587pt.

Overfull \hbox (5.11859pt too wide) in paragraph at lines 1187--1190
[] [] [] 
 []

<fig_case04_price.pdf, id=1059, 361.35pt x 303.1325pt>
File: fig_case04_price.pdf Graphic file (type pdf)

<use fig_case04_price.pdf>
Package pdftex.def Info: fig_case04_price.pdf used on input line 1194.
(pdftex.def)             Requested size: 180.67456pt x 151.56587pt.

<fig_case04_production.pdf, id=1060, 361.35pt x 303.1325pt>
File: fig_case04_production.pdf Graphic file (type pdf)

<use fig_case04_production.pdf>
Package pdftex.def Info: fig_case04_production.pdf used on input line 1195.
(pdftex.def)             Requested size: 180.67456pt x 151.56587pt.

Overfull \hbox (5.11859pt too wide) in paragraph at lines 1193--1196
[] [] [] 
 []

[47 <./fig_case04_consumption.pdf> <./fig_case04_import.pdf> <./fig_case04_pric
es.pdf> <./fig_case04_quantities.pdf> <./fig_case04_price.pdf> <./fig_case04_pr
oduction.pdf>] <fig_case05_consumption.pdf, id=1101, 361.35pt x 303.1325pt>
File: fig_case05_consumption.pdf Graphic file (type pdf)

<use fig_case05_consumption.pdf>
Package pdftex.def Info: fig_case05_consumption.pdf used on input line 1204.
(pdftex.def)             Requested size: 180.67456pt x 151.56587pt.

<fig_case05_import.pdf, id=1102, 361.35pt x 303.1325pt>
File: fig_case05_import.pdf Graphic file (type pdf)

<use fig_case05_import.pdf>
Package pdftex.def Info: fig_case05_import.pdf used on input line 1205.
(pdftex.def)             Requested size: 180.67456pt x 151.56587pt.

Overfull \hbox (5.11859pt too wide) in paragraph at lines 1203--1206
[] [] [] 
 []

<fig_case05_prices.pdf, id=1103, 361.35pt x 303.1325pt>
File: fig_case05_prices.pdf Graphic file (type pdf)

<use fig_case05_prices.pdf>
Package pdftex.def Info: fig_case05_prices.pdf used on input line 1210.
(pdftex.def)             Requested size: 180.67456pt x 151.56587pt.

<fig_case05_quantities.pdf, id=1104, 361.35pt x 303.1325pt>
File: fig_case05_quantities.pdf Graphic file (type pdf)

<use fig_case05_quantities.pdf>
Package pdftex.def Info: fig_case05_quantities.pdf used on input line 1211.
(pdftex.def)             Requested size: 180.67456pt x 151.56587pt.

Overfull \hbox (5.11859pt too wide) in paragraph at lines 1209--1212
[] [] [] 
 []

<fig_case05_price.pdf, id=1105, 361.35pt x 303.1325pt>
File: fig_case05_price.pdf Graphic file (type pdf)

<use fig_case05_price.pdf>
Package pdftex.def Info: fig_case05_price.pdf used on input line 1216.
(pdftex.def)             Requested size: 180.67456pt x 151.56587pt.

<fig_case05_production.pdf, id=1106, 361.35pt x 303.1325pt>
File: fig_case05_production.pdf Graphic file (type pdf)

<use fig_case05_production.pdf>
Package pdftex.def Info: fig_case05_production.pdf used on input line 1217.
(pdftex.def)             Requested size: 180.67456pt x 151.56587pt.

Overfull \hbox (5.11859pt too wide) in paragraph at lines 1215--1218
[] [] [] 
 []

[48 <./fig_case05_consumption.pdf> <./fig_case05_import.pdf> <./fig_case05_pric
es.pdf> <./fig_case05_quantities.pdf> <./fig_case05_price.pdf> <./fig_case05_pr
oduction.pdf>] <fig_case06_consumption.pdf, id=1147, 361.35pt x 303.1325pt>
File: fig_case06_consumption.pdf Graphic file (type pdf)

<use fig_case06_consumption.pdf>
Package pdftex.def Info: fig_case06_consumption.pdf used on input line 1226.
(pdftex.def)             Requested size: 180.67456pt x 151.56587pt.

<fig_case06_import.pdf, id=1148, 361.35pt x 303.1325pt>
File: fig_case06_import.pdf Graphic file (type pdf)

<use fig_case06_import.pdf>
Package pdftex.def Info: fig_case06_import.pdf used on input line 1227.
(pdftex.def)             Requested size: 180.67456pt x 151.56587pt.

Overfull \hbox (5.11859pt too wide) in paragraph at lines 1225--1228
[] [] [] 
 []

<fig_case06_prices.pdf, id=1149, 361.35pt x 303.1325pt>
File: fig_case06_prices.pdf Graphic file (type pdf)

<use fig_case06_prices.pdf>
Package pdftex.def Info: fig_case06_prices.pdf used on input line 1232.
(pdftex.def)             Requested size: 180.67456pt x 151.56587pt.

<fig_case06_quantities.pdf, id=1150, 361.35pt x 303.1325pt>
File: fig_case06_quantities.pdf Graphic file (type pdf)

<use fig_case06_quantities.pdf>
Package pdftex.def Info: fig_case06_quantities.pdf used on input line 1233.
(pdftex.def)             Requested size: 180.67456pt x 151.56587pt.

Overfull \hbox (5.11859pt too wide) in paragraph at lines 1231--1234
[] [] [] 
 []

<fig_case06_price.pdf, id=1151, 361.35pt x 303.1325pt>
File: fig_case06_price.pdf Graphic file (type pdf)

<use fig_case06_price.pdf>
Package pdftex.def Info: fig_case06_price.pdf used on input line 1238.
(pdftex.def)             Requested size: 180.67456pt x 151.56587pt.

<fig_case06_production.pdf, id=1152, 361.35pt x 303.1325pt>
File: fig_case06_production.pdf Graphic file (type pdf)

<use fig_case06_production.pdf>
Package pdftex.def Info: fig_case06_production.pdf used on input line 1239.
(pdftex.def)             Requested size: 180.67456pt x 151.56587pt.

Overfull \hbox (5.11859pt too wide) in paragraph at lines 1237--1240
[] [] [] 
 []

[49 <./fig_case06_consumption.pdf> <./fig_case06_import.pdf> <./fig_case06_pric
es.pdf> <./fig_case06_quantities.pdf> <./fig_case06_price.pdf> <./fig_case06_pr
oduction.pdf>] <fig_case07_consumption.pdf, id=1194, 361.35pt x 303.1325pt>
File: fig_case07_consumption.pdf Graphic file (type pdf)

<use fig_case07_consumption.pdf>
Package pdftex.def Info: fig_case07_consumption.pdf used on input line 1248.
(pdftex.def)             Requested size: 180.67456pt x 151.56587pt.

<fig_case07_import.pdf, id=1195, 361.35pt x 303.1325pt>
File: fig_case07_import.pdf Graphic file (type pdf)

<use fig_case07_import.pdf>
Package pdftex.def Info: fig_case07_import.pdf used on input line 1249.
(pdftex.def)             Requested size: 180.67456pt x 151.56587pt.

Overfull \hbox (5.11859pt too wide) in paragraph at lines 1247--1250
[] [] [] 
 []

<fig_case07_prices.pdf, id=1196, 361.35pt x 303.1325pt>
File: fig_case07_prices.pdf Graphic file (type pdf)

<use fig_case07_prices.pdf>
Package pdftex.def Info: fig_case07_prices.pdf used on input line 1254.
(pdftex.def)             Requested size: 180.67456pt x 151.56587pt.

<fig_case07_quantities.pdf, id=1197, 361.35pt x 303.1325pt>
File: fig_case07_quantities.pdf Graphic file (type pdf)

<use fig_case07_quantities.pdf>
Package pdftex.def Info: fig_case07_quantities.pdf used on input line 1255.
(pdftex.def)             Requested size: 180.67456pt x 151.56587pt.

Overfull \hbox (5.11859pt too wide) in paragraph at lines 1253--1256
[] [] [] 
 []

<fig_case07_price.pdf, id=1198, 361.35pt x 303.1325pt>
File: fig_case07_price.pdf Graphic file (type pdf)

<use fig_case07_price.pdf>
Package pdftex.def Info: fig_case07_price.pdf used on input line 1260.
(pdftex.def)             Requested size: 180.67456pt x 151.56587pt.

<fig_case07_production.pdf, id=1199, 361.35pt x 303.1325pt>
File: fig_case07_production.pdf Graphic file (type pdf)

<use fig_case07_production.pdf>
Package pdftex.def Info: fig_case07_production.pdf used on input line 1261.
(pdftex.def)             Requested size: 180.67456pt x 151.56587pt.

Overfull \hbox (5.11859pt too wide) in paragraph at lines 1259--1262
[] [] [] 
 []

[50 <./fig_case07_consumption.pdf> <./fig_case07_import.pdf> <./fig_case07_pric
es.pdf> <./fig_case07_quantities.pdf> <./fig_case07_price.pdf> <./fig_case07_pr
oduction.pdf>] <fig_2_2_3_map.png, id=1241, 660.4675pt x 391.4625pt>
File: fig_2_2_3_map.png Graphic file (type png)

<use fig_2_2_3_map.png>
Package pdftex.def Info: fig_2_2_3_map.png used on input line 1267.
(pdftex.def)             Requested size: 396.28355pt x 234.8793pt.

Overfull \hbox (51.28355pt too wide) in paragraph at lines 1267--1268
[] 
 []

[51 <./fig_2_2_3_map.png (PNG copy)>]
<figs_small.pdf, id=1246, 578.16pt x 867.24pt>
File: figs_small.pdf Graphic file (type pdf)
 <use figs_small.pdf>
Package pdftex.def Info: figs_small.pdf used on input line 1277.
(pdftex.def)             Requested size: 317.98898pt x 476.98349pt.

<figs_medium.pdf, id=1247, 578.16pt x 867.24pt>
File: figs_medium.pdf Graphic file (type pdf)
 <use figs_medium.pdf>
Package pdftex.def Info: figs_medium.pdf used on input line 1281.
(pdftex.def)             Requested size: 317.98898pt x 476.98349pt.
 [52 <./figs_small.pdf>] <figs_large.pdf, id=1258, 578.16pt x 867.24pt>
File: figs_large.pdf Graphic file (type pdf)

<use figs_large.pdf>
Package pdftex.def Info: figs_large.pdf used on input line 1285.
(pdftex.def)             Requested size: 317.98898pt x 476.98349pt.
Package atveryend Info: Empty hook `BeforeClearDocument' on input line 1292.
 [53 <./figs_medium.pdf>] [54 <./figs_large.pdf>]
Package atveryend Info: Empty hook `AfterLastShipout' on input line 1292.

(./manual.aux)
Package atveryend Info: Executing hook `AtVeryEndDocument' on input line 1292.
Package atveryend Info: Executing hook `AtEndAfterFileList' on input line 1292.

Package rerunfilecheck Info: File `manual.out' has not changed.
(rerunfilecheck)             Checksum: CECF2D1693B583B131C60D3F23621E4F;4581.
Package atveryend Info: Empty hook `AtVeryVeryEnd' on input line 1292.
 ) 
Here is how much of TeX's memory you used:
 20244 strings out of 493014
 355084 string characters out of 6133352
 440923 words of memory out of 5000000
 23274 multiletter control sequences out of 15000+600000
 9817 words of font info for 36 fonts, out of 8000000 for 9000
 1141 hyphenation exceptions out of 8191
 46i,8n,42p,10470b,513s stack positions out of 5000i,500n,10000p,200000b,80000s
</usr/local/texlive/2016/texmf-dist/fonts/type1/public/amsfonts/cm/cmbx10.pfb
></usr/local/texlive/2016/texmf-dist/fonts/type1/public/amsfonts/cm/cmbx12.pfb>
</usr/local/texlive/2016/texmf-dist/fonts/type1/public/amsfonts/cm/cmcsc10.pfb>
</usr/local/texlive/2016/texmf-dist/fonts/type1/public/amsfonts/cm/cmex10.pfb><
/usr/local/texlive/2016/texmf-dist/fonts/type1/public/amsfonts/cm/cmmi10.pfb></
usr/local/texlive/2016/texmf-dist/fonts/type1/public/amsfonts/cm/cmmi5.pfb></us
r/local/texlive/2016/texmf-dist/fonts/type1/public/amsfonts/cm/cmmi7.pfb></usr/
local/texlive/2016/texmf-dist/fonts/type1/public/amsfonts/cm/cmr10.pfb></usr/lo
cal/texlive/2016/texmf-dist/fonts/type1/public/amsfonts/cm/cmr12.pfb></usr/loca
l/texlive/2016/texmf-dist/fonts/type1/public/amsfonts/cm/cmr5.pfb></usr/local/t
exlive/2016/texmf-dist/fonts/type1/public/amsfonts/cm/cmr6.pfb></usr/local/texl
ive/2016/texmf-dist/fonts/type1/public/amsfonts/cm/cmr7.pfb></usr/local/texlive
/2016/texmf-dist/fonts/type1/public/amsfonts/cm/cmr8.pfb></usr/local/texlive/20
16/texmf-dist/fonts/type1/public/amsfonts/cm/cmsy10.pfb></usr/local/texlive/201
6/texmf-dist/fonts/type1/public/amsfonts/cm/cmsy7.pfb></usr/local/texlive/2016/
texmf-dist/fonts/type1/public/amsfonts/cm/cmti10.pfb></usr/local/texlive/2016/t
exmf-dist/fonts/type1/public/amsfonts/cm/cmti12.pfb></usr/local/texlive/2016/te
xmf-dist/fonts/type1/public/amsfonts/cm/cmtt10.pfb></usr/local/texlive/2016/tex
mf-dist/fonts/type1/public/amsfonts/cm/cmtt8.pfb>
Output written on manual.pdf (59 pages, 6141978 bytes).
PDF statistics:
 1379 PDF objects out of 1440 (max. 8388607)
 1050 compressed objects within 11 object streams
 165 named destinations out of 1000 (max. 500000)
 1050 words of extra memory for PDF output out of 10000 (max. 10000000)

