\BOOKMARK [1][-]{section*.2}{List of variables}{}% 1
\BOOKMARK [1][-]{section*.4}{List of Aggregate Parameters}{}% 2
\BOOKMARK [1][-]{section*.6}{List of individual Parameters}{}% 3
\BOOKMARK [1][-]{section.1}{Overview}{}% 4
\BOOKMARK [2][-]{subsection.1.1}{Market organization}{section.1}% 5
\BOOKMARK [2][-]{subsection.1.2}{Market Participants}{section.1}% 6
\BOOKMARK [2][-]{subsection.1.3}{Dynamics}{section.1}% 7
\BOOKMARK [1][-]{section.2}{The loop}{}% 8
\BOOKMARK [2][-]{subsection.2.1}{Producers decide if allow/forbid export}{section.2}% 9
\BOOKMARK [2][-]{subsection.2.2}{Buyers with an associated producer decide if allow/forbid import}{section.2}% 10
\BOOKMARK [2][-]{subsection.2.3}{Buyers update buying strategy}{section.2}% 11
\BOOKMARK [2][-]{subsection.2.4}{Perform market sessions}{section.2}% 12
\BOOKMARK [2][-]{subsection.2.5}{Buyers account consumption}{section.2}% 13
\BOOKMARK [2][-]{subsection.2.6}{Producer Produce}{section.2}% 14
\BOOKMARK [2][-]{subsection.2.7}{Producer Set Target Level of Production}{section.2}% 15
\BOOKMARK [1][-]{section.3}{Installation}{}% 16
\BOOKMARK [2][-]{subsection.3.1}{Java Development Kit \(JDK\)}{section.3}% 17
\BOOKMARK [2][-]{subsection.3.2}{Repast Simphony \(RS\)}{section.3}% 18
\BOOKMARK [2][-]{subsection.3.3}{CMS}{section.3}% 19
\BOOKMARK [3][-]{subsubsection.3.3.1}{Using git}{subsection.3.3}% 20
\BOOKMARK [3][-]{subsubsection.3.3.2}{Using a zip archive}{subsection.3.3}% 21
\BOOKMARK [1][-]{section.4}{Testing the Installation}{}% 22
\BOOKMARK [1][-]{section.5}{Customizing the simulation}{}% 23
\BOOKMARK [2][-]{subsection.5.1}{Creation and configuration of agents}{section.5}% 24
\BOOKMARK [3][-]{subsubsection.5.1.1}{Producers}{subsection.5.1}% 25
\BOOKMARK [3][-]{subsubsection.5.1.2}{Buyers}{subsection.5.1}% 26
\BOOKMARK [3][-]{subsubsection.5.1.3}{Markets}{subsection.5.1}% 27
\BOOKMARK [2][-]{subsection.5.2}{Output}{section.5}% 28
\BOOKMARK [3][-]{subsubsection.5.2.1}{Adding a GIS display}{subsection.5.2}% 29
\BOOKMARK [3][-]{subsubsection.5.2.2}{Adding charts and data sinks}{subsection.5.2}% 30
\BOOKMARK [1][-]{section.6}{Parameters setting}{}% 31
\BOOKMARK [1][-]{section.7}{Running in BATCH mode}{}% 32
\BOOKMARK [1][-]{section.8}{Basic behavior}{}% 33
\BOOKMARK [2][-]{subsection.8.1}{Two Identical Countries, One market, No Supply Shock}{section.8}% 34
\BOOKMARK [3][-]{subsubsection.8.1.1}{Parametrization}{subsection.8.1}% 35
\BOOKMARK [3][-]{subsubsection.8.1.2}{Results}{subsection.8.1}% 36
\BOOKMARK [2][-]{subsection.8.2}{Two Identical Countries, One market, Supply Shock}{section.8}% 37
\BOOKMARK [3][-]{subsubsection.8.2.1}{Parametrization}{subsection.8.2}% 38
\BOOKMARK [3][-]{subsubsection.8.2.2}{Results}{subsection.8.2}% 39
\BOOKMARK [2][-]{subsection.8.3}{Two Different Countries, One market, No Supply Shock}{section.8}% 40
\BOOKMARK [3][-]{subsubsection.8.3.1}{Parametrization}{subsection.8.3}% 41
\BOOKMARK [3][-]{subsubsection.8.3.2}{Result: autarky}{subsection.8.3}% 42
\BOOKMARK [3][-]{subsubsection.8.3.3}{Result: high price in Argentina}{subsection.8.3}% 43
\BOOKMARK [3][-]{subsubsection.8.3.4}{Result: high price in China}{subsection.8.3}% 44
\BOOKMARK [2][-]{subsection.8.4}{Three Different Countries, One market, Supply Shock}{section.8}% 45
\BOOKMARK [2][-]{subsection.8.5}{Three Different Countries, two markets, Supply Shock}{section.8}% 46
\BOOKMARK [1][-]{section.9}{Two Different Countries, two markets}{}% 47
\BOOKMARK [2][-]{subsection.9.1}{Two Different Countries, two markets, no Supply Shock}{section.9}% 48
\BOOKMARK [2][-]{subsection.9.2}{Two Different Countries, two markets, low Supply Shock}{section.9}% 49
\BOOKMARK [2][-]{subsection.9.3}{Two Different Countries, two markets, low Supply Shock}{section.9}% 50
\BOOKMARK [2][-]{subsection.9.4}{Two Different Countries, two markets, low Supply Shock}{section.9}% 51
\BOOKMARK [2][-]{subsection.9.5}{Two Different Countries, two markets, high Supply Shock}{section.9}% 52
\BOOKMARK [2][-]{subsection.9.6}{Two Different Countries, two markets, high Supply Shock}{section.9}% 53
\BOOKMARK [2][-]{subsection.9.7}{Two Different Countries, two markets, high Supply Shock}{section.9}% 54
\BOOKMARK [2][-]{subsection.9.8}{Two producers, three buyers, two markets}{section.9}% 55
\BOOKMARK [2][-]{subsection.9.9}{Two producers, three buyers, two markets, small Supply Shock}{section.9}% 56
\BOOKMARK [2][-]{subsection.9.10}{Two producers, three buyers, two markets, medium Supply Shock}{section.9}% 57
\BOOKMARK [2][-]{subsection.9.11}{Two producers, three buyers, two markets, big Supply Shock}{section.9}% 58
